<?xml version="1.0" encoding="UTF-8"?>
<testng-results ignored="0" total="1" passed="1" failed="0" skipped="0">
  <reporter-output>
  </reporter-output>
  <suite started-at="2023-10-23T11:42:03 EET" name="Default suite" finished-at="2023-10-23T11:42:06 EET" duration-ms="3701">
    <groups>
    </groups>
    <test started-at="2023-10-23T11:42:03 EET" name="Default test" finished-at="2023-10-23T11:42:06 EET" duration-ms="3701">
      <class name="project_two.Test_two">
        <test-method is-config="true" signature="mybefore()[pri:0, instance:project_two.Test_two@75e01201]" started-at="2023-10-23T11:42:03 EET" name="mybefore" finished-at="2023-10-23T11:42:06 EET" duration-ms="3447" status="PASS">
          <reporter-output>
          </reporter-output>
        </test-method> <!-- mybefore -->
        <test-method signature="mytest()[pri:0, instance:project_two.Test_two@75e01201]" started-at="2023-10-23T11:42:06 EET" name="mytest" finished-at="2023-10-23T11:42:06 EET" duration-ms="239" status="PASS">
          <reporter-output>
          </reporter-output>
        </test-method> <!-- mytest -->
        <test-method is-config="true" signature="myafter()[pri:0, instance:project_two.Test_two@75e01201]" started-at="2023-10-23T11:42:06 EET" name="myafter" finished-at="2023-10-23T11:42:06 EET" duration-ms="0" status="PASS">
          <reporter-output>
          </reporter-output>
        </test-method> <!-- myafter -->
      </class> <!-- project_two.Test_two -->
    </test> <!-- Default test -->
  </suite> <!-- Default suite -->
</testng-results>
